----------

Wed Mar 22 2023 23:02:10 GMT-0600 (hora estándar central)

El sistema no puede encontrar la ruta especificada.


----------

Wed Mar 22 2023 23:02:10 GMT-0600 (hora estándar central)

fatal: not a git repository (or any of the parent directories): .git


----------

Wed Mar 22 2023 23:02:10 GMT-0600 (hora estándar central)

fatal: not a git repository (or any of the parent directories): .git


----------

Wed Mar 22 2023 23:02:10 GMT-0600 (hora estándar central)

fatal: not a git repository (or any of the parent directories): .git


----------

Wed Mar 22 2023 23:02:10 GMT-0600 (hora estándar central)

fatal: not a git repository (or any of the parent directories): .git


----------

Wed Mar 22 2023 23:03:57 GMT-0600 (hora estándar central)

El sistema no puede encontrar la ruta especificada.


----------

Wed Mar 22 2023 23:03:57 GMT-0600 (hora estándar central)

fatal: not a git repository (or any of the parent directories): .git


----------

Wed Mar 22 2023 23:03:57 GMT-0600 (hora estándar central)

fatal: not a git repository (or any of the parent directories): .git


----------

Wed Mar 22 2023 23:03:57 GMT-0600 (hora estándar central)

fatal: not a git repository (or any of the parent directories): .git


----------

Wed Mar 22 2023 23:03:57 GMT-0600 (hora estándar central)

fatal: not a git repository (or any of the parent directories): .git


----------

Wed Mar 22 2023 23:04:11 GMT-0600 (hora estándar central)

El sistema no puede encontrar la ruta especificada.


----------

Wed Mar 22 2023 23:04:11 GMT-0600 (hora estándar central)

fatal: not a git repository (or any of the parent directories): .git


----------

Wed Mar 22 2023 23:04:12 GMT-0600 (hora estándar central)

fatal: not a git repository (or any of the parent directories): .git


----------

Wed Mar 22 2023 23:04:12 GMT-0600 (hora estándar central)

fatal: not a git repository (or any of the parent directories): .git


----------

Wed Mar 22 2023 23:04:12 GMT-0600 (hora estándar central)

fatal: not a git repository (or any of the parent directories): .git


----------

Wed Mar 22 2023 23:04:15 GMT-0600 (hora estándar central)

El sistema no puede encontrar la ruta especificada.


----------

Wed Mar 22 2023 23:04:15 GMT-0600 (hora estándar central)

fatal: not a git repository (or any of the parent directories): .git


----------

Wed Mar 22 2023 23:04:15 GMT-0600 (hora estándar central)

fatal: not a git repository (or any of the parent directories): .git


----------

Wed Mar 22 2023 23:04:15 GMT-0600 (hora estándar central)

fatal: not a git repository (or any of the parent directories): .git


----------

Wed Mar 22 2023 23:04:15 GMT-0600 (hora estándar central)

fatal: not a git repository (or any of the parent directories): .git


----------

Wed Mar 22 2023 23:04:38 GMT-0600 (hora estándar central)

El sistema no puede encontrar la ruta especificada.


----------

Wed Mar 22 2023 23:04:38 GMT-0600 (hora estándar central)

fatal: not a git repository (or any of the parent directories): .git


----------

Wed Mar 22 2023 23:04:38 GMT-0600 (hora estándar central)

fatal: not a git repository (or any of the parent directories): .git


----------

Wed Mar 22 2023 23:04:38 GMT-0600 (hora estándar central)

fatal: not a git repository (or any of the parent directories): .git


----------

Wed Mar 22 2023 23:04:38 GMT-0600 (hora estándar central)

fatal: not a git repository (or any of the parent directories): .git


----------

Wed Mar 22 2023 23:04:57 GMT-0600 (hora estándar central)

El sistema no puede encontrar la ruta especificada.


----------

Wed Mar 22 2023 23:04:57 GMT-0600 (hora estándar central)

fatal: not a git repository (or any of the parent directories): .git


----------

Wed Mar 22 2023 23:04:57 GMT-0600 (hora estándar central)

fatal: not a git repository (or any of the parent directories): .git


----------

Wed Mar 22 2023 23:04:57 GMT-0600 (hora estándar central)

fatal: not a git repository (or any of the parent directories): .git


----------

Wed Mar 22 2023 23:04:57 GMT-0600 (hora estándar central)

fatal: not a git repository (or any of the parent directories): .git


----------

Wed Mar 22 2023 23:09:15 GMT-0600 (hora estándar central)

El sistema no puede encontrar la ruta especificada.


----------

Wed Mar 22 2023 23:09:15 GMT-0600 (hora estándar central)

fatal: not a git repository (or any of the parent directories): .git


----------

Wed Mar 22 2023 23:09:15 GMT-0600 (hora estándar central)

fatal: not a git repository (or any of the parent directories): .git


----------

Wed Mar 22 2023 23:09:15 GMT-0600 (hora estándar central)

fatal: not a git repository (or any of the parent directories): .git


----------

Wed Mar 22 2023 23:09:16 GMT-0600 (hora estándar central)

fatal: not a git repository (or any of the parent directories): .git


----------

Wed Mar 22 2023 23:10:09 GMT-0600 (hora estándar central)

El sistema no puede encontrar la ruta especificada.


----------

Wed Mar 22 2023 23:10:09 GMT-0600 (hora estándar central)

fatal: not a git repository (or any of the parent directories): .git


----------

Wed Mar 22 2023 23:10:09 GMT-0600 (hora estándar central)

fatal: not a git repository (or any of the parent directories): .git


----------

Wed Mar 22 2023 23:10:09 GMT-0600 (hora estándar central)

fatal: not a git repository (or any of the parent directories): .git


----------

Wed Mar 22 2023 23:10:09 GMT-0600 (hora estándar central)

fatal: not a git repository (or any of the parent directories): .git


----------

Wed Mar 22 2023 23:15:36 GMT-0600 (hora estándar central)

El sistema no puede encontrar la ruta especificada.


----------

Wed Mar 22 2023 23:15:37 GMT-0600 (hora estándar central)

fatal: not a git repository (or any of the parent directories): .git


----------

Wed Mar 22 2023 23:15:37 GMT-0600 (hora estándar central)

fatal: not a git repository (or any of the parent directories): .git


----------

Wed Mar 22 2023 23:15:37 GMT-0600 (hora estándar central)

fatal: not a git repository (or any of the parent directories): .git


----------

Wed Mar 22 2023 23:15:37 GMT-0600 (hora estándar central)

fatal: not a git repository (or any of the parent directories): .git


----------

Wed Mar 22 2023 23:31:41 GMT-0600 (hora estándar central)

El sistema no puede encontrar la ruta especificada.


----------

Wed Mar 22 2023 23:31:41 GMT-0600 (hora estándar central)

fatal: not a git repository (or any of the parent directories): .git


----------

Wed Mar 22 2023 23:31:41 GMT-0600 (hora estándar central)

fatal: not a git repository (or any of the parent directories): .git


----------

Wed Mar 22 2023 23:31:41 GMT-0600 (hora estándar central)

fatal: not a git repository (or any of the parent directories): .git


----------

Wed Mar 22 2023 23:31:41 GMT-0600 (hora estándar central)

fatal: not a git repository (or any of the parent directories): .git


----------

Wed Mar 22 2023 23:37:10 GMT-0600 (hora estándar central)

El sistema no puede encontrar la ruta especificada.


----------

Wed Mar 22 2023 23:37:10 GMT-0600 (hora estándar central)

fatal: not a git repository (or any of the parent directories): .git


----------

Wed Mar 22 2023 23:37:10 GMT-0600 (hora estándar central)

fatal: not a git repository (or any of the parent directories): .git


----------

Wed Mar 22 2023 23:37:10 GMT-0600 (hora estándar central)

fatal: not a git repository (or any of the parent directories): .git


----------

Wed Mar 22 2023 23:37:11 GMT-0600 (hora estándar central)

fatal: not a git repository (or any of the parent directories): .git


----------

Wed Mar 22 2023 23:38:36 GMT-0600 (hora estándar central)

El sistema no puede encontrar la ruta especificada.


----------

Wed Mar 22 2023 23:38:36 GMT-0600 (hora estándar central)

fatal: not a git repository (or any of the parent directories): .git


----------

Wed Mar 22 2023 23:38:36 GMT-0600 (hora estándar central)

fatal: not a git repository (or any of the parent directories): .git


----------

Wed Mar 22 2023 23:38:36 GMT-0600 (hora estándar central)

fatal: not a git repository (or any of the parent directories): .git


----------

Wed Mar 22 2023 23:38:36 GMT-0600 (hora estándar central)

fatal: not a git repository (or any of the parent directories): .git


----------

Wed Mar 22 2023 23:57:45 GMT-0600 (hora estándar central)

El sistema no puede encontrar la ruta especificada.


----------

Wed Mar 22 2023 23:57:45 GMT-0600 (hora estándar central)

fatal: not a git repository (or any of the parent directories): .git


----------

Wed Mar 22 2023 23:57:45 GMT-0600 (hora estándar central)

fatal: not a git repository (or any of the parent directories): .git


----------

Wed Mar 22 2023 23:57:45 GMT-0600 (hora estándar central)

fatal: not a git repository (or any of the parent directories): .git


----------

Wed Mar 22 2023 23:57:46 GMT-0600 (hora estándar central)

fatal: not a git repository (or any of the parent directories): .git


----------

Thu Mar 23 2023 07:42:34 GMT-0600 (hora estándar central)

fatal: not a git repository (or any of the parent directories): .git


----------

Thu Mar 23 2023 07:42:37 GMT-0600 (hora estándar central)

warning: in the working copy of 'Exportaciones/Software.html', LF will be replaced by CRLF the next time Git touches it


----------

Thu Mar 23 2023 07:42:37 GMT-0600 (hora estándar central)

warning: in the working copy of 'Exportaciones/aprende.html', LF will be replaced by CRLF the next time Git touches it


----------

Thu Mar 23 2023 07:42:37 GMT-0600 (hora estándar central)

warning: in the working copy of 'Exportaciones/artículo.html', LF will be replaced by CRLF the next time Git touches it


----------

Thu Mar 23 2023 07:42:37 GMT-0600 (hora estándar central)

warning: in the working copy of 'Exportaciones/escolar/CartaPapás.html', LF will be replaced by CRLF the next time Git touches it


----------

Thu Mar 23 2023 07:42:37 GMT-0600 (hora estándar central)

warning: in the working copy of 'Exportaciones/index.html', LF will be replaced by CRLF the next time Git touches it


----------

Thu Mar 23 2023 07:42:37 GMT-0600 (hora estándar central)

warning: in the working copy of 'Exportaciones/login.html', LF will be replaced by CRLF the next time Git touches it


----------

Thu Mar 23 2023 07:42:37 GMT-0600 (hora estándar central)

warning: in the working copy of 'Exportaciones/product.html', LF will be replaced by CRLF the next time Git touches it


----------

Thu Mar 23 2023 07:42:37 GMT-0600 (hora estándar central)

warning: in the working copy of 'Exportaciones/products.html', LF will be replaced by CRLF the next time Git touches it


----------

Thu Mar 23 2023 07:42:37 GMT-0600 (hora estándar central)

warning: in the working copy of 'Exportaciones/projects.html', LF will be replaced by CRLF the next time Git touches it


----------

Thu Mar 23 2023 07:42:37 GMT-0600 (hora estándar central)

warning: in the working copy of 'Exportaciones/registro.html', LF will be replaced by CRLF the next time Git touches it


----------

Thu Mar 23 2023 07:42:37 GMT-0600 (hora estándar central)

warning: in the working copy of 'Exportaciones/servicios.html', LF will be replaced by CRLF the next time Git touches it


----------

Thu Mar 23 2023 07:42:37 GMT-0600 (hora estándar central)

warning: in the working copy of 'Exportaciones/team.html', LF will be replaced by CRLF the next time Git touches it


----------

Thu Mar 23 2023 07:42:37 GMT-0600 (hora estándar central)

warning: in the working copy of 'error.log', LF will be replaced by CRLF the next time Git touches it


----------

Thu Mar 23 2023 07:42:37 GMT-0600 (hora estándar central)

warning: in the working copy of 'escolar/módulos/m5s2/producto2.html', LF will be replaced by CRLF the next time Git touches it


----------

Thu Mar 23 2023 07:42:37 GMT-0600 (hora estándar central)

warning: in the working copy of 'login.html', LF will be replaced by CRLF the next time Git touches it


----------

Thu Mar 23 2023 07:43:03 GMT-0600 (hora estándar central)

To https://github.com/dantecc10/castelancarpinteyro.git
   96bd323..3eeaade  main -> main


----------

Thu Mar 23 2023 07:44:47 GMT-0600 (hora estándar central)

fatal: not a git repository (or any of the parent directories): .git


