----------

Wed Jul 19 2023 02:01:29 GMT-0500 (hora de verano central)

El nombre de archivo, el nombre de directorio o la sintaxis de la etiqueta del volumen no son correctos.

----------

Wed Jul 19 2023 02:01:29 GMT-0500 (hora de verano central)

El sistema no puede encontrar la ruta especificada.
El nombre de archivo, el nombre de directorio o la sintaxis de la etiqueta del volumen no son correctos.No se esperaba = en este momento.


----------

Wed Jul 19 2023 02:01:43 GMT-0500 (hora de verano central)

El nombre de archivo, el nombre de directorio o la sintaxis de la etiqueta del volumen no son correctos.

----------

Wed Jul 19 2023 02:01:43 GMT-0500 (hora de verano central)

El sistema no puede encontrar la ruta especificada.


----------

Wed Jul 19 2023 02:01:43 GMT-0500 (hora de verano central)

El nombre de archivo, el nombre de directorio o la sintaxis de la etiqueta del volumen no son correctos.No se esperaba = en este momento.


----------

Wed Jul 19 2023 02:02:21 GMT-0500 (hora de verano central)

El nombre de archivo, el nombre de directorio o la sintaxis de la etiqueta del volumen no son correctos.

----------

Wed Jul 19 2023 02:02:21 GMT-0500 (hora de verano central)

El sistema no puede encontrar la ruta especificada.


----------

Wed Jul 19 2023 02:02:21 GMT-0500 (hora de verano central)

El nombre de archivo, el nombre de directorio o la sintaxis de la etiqueta del volumen no son correctos.No se esperaba = en este momento.


----------

Wed Jul 19 2023 02:02:39 GMT-0500 (hora de verano central)

El nombre de archivo, el nombre de directorio o la sintaxis de la etiqueta del volumen no son correctos.

----------

Wed Jul 19 2023 02:02:39 GMT-0500 (hora de verano central)

El sistema no puede encontrar la ruta especificada.


----------

Wed Jul 19 2023 02:02:39 GMT-0500 (hora de verano central)

El nombre de archivo, el nombre de directorio o la sintaxis de la etiqueta del volumen no son correctos.

----------

Wed Jul 19 2023 02:02:39 GMT-0500 (hora de verano central)

No se esperaba = en este momento.


----------

Wed Jul 19 2023 02:04:06 GMT-0500 (hora de verano central)

El nombre de archivo, el nombre de directorio o la sintaxis de la etiqueta del volumen no son correctos.

----------

Wed Jul 19 2023 02:04:06 GMT-0500 (hora de verano central)

El sistema no puede encontrar la ruta especificada.


----------

Wed Jul 19 2023 02:04:06 GMT-0500 (hora de verano central)

fatal: not a git repository (or any of the parent directories): .git


----------

Wed Jul 19 2023 02:04:06 GMT-0500 (hora de verano central)

fatal: not a git repository (or any of the parent directories): .git


----------

Wed Jul 19 2023 02:04:06 GMT-0500 (hora de verano central)

fatal: not a git repository (or any of the parent directories): .git


----------

Wed Jul 19 2023 02:04:06 GMT-0500 (hora de verano central)

fatal: not a git repository (or any of the parent directories): .git
El nombre de archivo, el nombre de directorio o la sintaxis de la etiqueta del volumen no son correctos.fatal: not a git repository (or any of the parent directories): .git
"/*" no se reconoce como un comando interno o externo,
programa o archivo por lotes ejecutable.
El nombre de archivo, el nombre de directorio o la sintaxis de la etiqueta del volumen no son correctos."#if" no se reconoce como un comando interno o externo,
programa o archivo por lotes ejecutable.
"#echo" no se reconoce como un comando interno o externo,
programa o archivo por lotes ejecutable.
"#git" no se reconoce como un comando interno o externo,
programa o archivo por lotes ejecutable.
"#git" no se reconoce como un comando interno o externo,
programa o archivo por lotes ejecutable.
"#git" no se reconoce como un comando interno o externo,
programa o archivo por lotes ejecutable.
"#git" no se reconoce como un comando interno o externo,
programa o archivo por lotes ejecutable.
"#" no se reconoce como un comando interno o externo,
programa o archivo por lotes ejecutable.
"#git" no se reconoce como un comando interno o externo,
programa o archivo por lotes ejecutable.
"#}" no se reconoce como un comando interno o externo,
programa o archivo por lotes ejecutable.
"#else" no se reconoce como un comando interno o externo,
programa o archivo por lotes ejecutable.
"#echo" no se reconoce como un comando interno o externo,
programa o archivo por lotes ejecutable.
"#}" no se reconoce como un comando interno o externo,
programa o archivo por lotes ejecutable.
El nombre de archivo, el nombre de directorio o la sintaxis de la etiqueta del volumen no son correctos.

----------

Wed Jul 19 2023 02:04:51 GMT-0500 (hora de verano central)

El nombre de archivo, el nombre de directorio o la sintaxis de la etiqueta del volumen no son correctos.

----------

Wed Jul 19 2023 02:04:51 GMT-0500 (hora de verano central)

El sistema no puede encontrar la ruta especificada.


----------

Wed Jul 19 2023 02:04:51 GMT-0500 (hora de verano central)

fatal: not a git repository (or any of the parent directories): .git


----------

Wed Jul 19 2023 02:04:51 GMT-0500 (hora de verano central)

fatal: not a git repository (or any of the parent directories): .git


----------

Wed Jul 19 2023 02:04:51 GMT-0500 (hora de verano central)

fatal: not a git repository (or any of the parent directories): .git


----------

Wed Jul 19 2023 02:04:51 GMT-0500 (hora de verano central)

fatal: not a git repository (or any of the parent directories): .git


----------

Wed Jul 19 2023 02:04:51 GMT-0500 (hora de verano central)

El nombre de archivo, el nombre de directorio o la sintaxis de la etiqueta del volumen no son correctos.

----------

Wed Jul 19 2023 02:04:51 GMT-0500 (hora de verano central)

fatal: not a git repository (or any of the parent directories): .git


----------

Wed Jul 19 2023 02:05:05 GMT-0500 (hora de verano central)

El nombre de archivo, el nombre de directorio o la sintaxis de la etiqueta del volumen no son correctos.

----------

Wed Jul 19 2023 02:05:05 GMT-0500 (hora de verano central)

El sistema no puede encontrar la ruta especificada.


----------

Wed Jul 19 2023 02:05:05 GMT-0500 (hora de verano central)

fatal: not a git repository (or any of the parent directories): .git


----------

Wed Jul 19 2023 02:05:05 GMT-0500 (hora de verano central)

fatal: not a git repository (or any of the parent directories): .git


----------

Wed Jul 19 2023 02:05:05 GMT-0500 (hora de verano central)

fatal: not a git repository (or any of the parent directories): .git


----------

Wed Jul 19 2023 02:05:05 GMT-0500 (hora de verano central)

fatal: not a git repository (or any of the parent directories): .git


----------

Wed Jul 19 2023 02:05:05 GMT-0500 (hora de verano central)

El nombre de archivo, el nombre de directorio o la sintaxis de la etiqueta del volumen no son correctos.

----------

Wed Jul 19 2023 02:05:05 GMT-0500 (hora de verano central)

fatal: not a git repository (or any of the parent directories): .git


----------

Wed Jul 19 2023 02:05:30 GMT-0500 (hora de verano central)

El sistema no puede encontrar la ruta especificada.


----------

Wed Jul 19 2023 02:05:30 GMT-0500 (hora de verano central)

fatal: not a git repository (or any of the parent directories): .git


----------

Wed Jul 19 2023 02:05:30 GMT-0500 (hora de verano central)

fatal: not a git repository (or any of the parent directories): .git


----------

Wed Jul 19 2023 02:05:30 GMT-0500 (hora de verano central)

fatal: not a git repository (or any of the parent directories): .git


----------

Wed Jul 19 2023 02:05:30 GMT-0500 (hora de verano central)

fatal: not a git repository (or any of the parent directories): .git


----------

Wed Jul 19 2023 02:05:30 GMT-0500 (hora de verano central)

El nombre de archivo, el nombre de directorio o la sintaxis de la etiqueta del volumen no son correctos.

----------

Wed Jul 19 2023 02:05:30 GMT-0500 (hora de verano central)

fatal: not a git repository (or any of the parent directories): .git


